<?xml version="1.0" encoding="UTF-8"?>
<testsuite name="htw.webtech.myapp.MyappApplicationTests" tests="1" skipped="0" failures="0" errors="0" timestamp="2025-11-14T17:00:27.290Z" hostname="30bf0c18-26df-4e0a-8f79-bad15bff79e3.fritz.box" time="0.234">
  <properties/>
  <testcase name="contextLoads()" classname="htw.webtech.myapp.MyappApplicationTests" time="0.234"/>
  <system-out><![CDATA[18:00:25.788 [Test worker] INFO org.springframework.test.context.support.AnnotationConfigContextLoaderUtils -- Could not detect default configuration classes for test class [htw.webtech.myapp.MyappApplicationTests]: MyappApplicationTests does not declare any static, non-private, non-final, nested classes annotated with @Configuration.
18:00:25.829 [Test worker] INFO org.springframework.boot.test.context.SpringBootTestContextBootstrapper -- Found @SpringBootConfiguration htw.webtech.myapp.MyappApplication for test class htw.webtech.myapp.MyappApplicationTests

  .   ____          _            __ _ _
 /\\ / ___'_ __ _ _(_)_ __  __ _ \ \ \ \
( ( )\___ | '_ | '_| | '_ \/ _` | \ \ \ \
 \\/  ___)| |_)| | | | | || (_| |  ) ) ) )
  '  |____| .__|_| |_|_| |_\__, | / / / /
 =========|_|==============|___/=/_/_/_/

 :: Spring Boot ::                (v3.5.6)

2025-11-14T18:00:25.975+01:00  INFO 76855 --- [myapp] [    Test worker] h.webtech.myapp.MyappApplicationTests    : Starting MyappApplicationTests using Java 21.0.1 with PID 76855 (started by danielliss in /Users/danielliss/Documents/webtech-backend)
2025-11-14T18:00:25.976+01:00  INFO 76855 --- [myapp] [    Test worker] h.webtech.myapp.MyappApplicationTests    : The following 1 profile is active: "dev"
2025-11-14T18:00:26.212+01:00  INFO 76855 --- [myapp] [    Test worker] .s.d.r.c.RepositoryConfigurationDelegate : Bootstrapping Spring Data JPA repositories in DEFAULT mode.
2025-11-14T18:00:26.231+01:00  INFO 76855 --- [myapp] [    Test worker] .s.d.r.c.RepositoryConfigurationDelegate : Finished Spring Data repository scanning in 16 ms. Found 3 JPA repository interfaces.
2025-11-14T18:00:26.372+01:00  INFO 76855 --- [myapp] [    Test worker] o.hibernate.jpa.internal.util.LogHelper  : HHH000204: Processing PersistenceUnitInfo [name: default]
2025-11-14T18:00:26.396+01:00  INFO 76855 --- [myapp] [    Test worker] org.hibernate.Version                    : HHH000412: Hibernate ORM core version 6.6.29.Final
2025-11-14T18:00:26.409+01:00  INFO 76855 --- [myapp] [    Test worker] o.h.c.internal.RegionFactoryInitiator    : HHH000026: Second-level cache disabled
2025-11-14T18:00:26.511+01:00  INFO 76855 --- [myapp] [    Test worker] o.s.o.j.p.SpringPersistenceUnitInfo      : No LoadTimeWeaver setup: ignoring JPA class transformer
2025-11-14T18:00:26.522+01:00  INFO 76855 --- [myapp] [    Test worker] com.zaxxer.hikari.HikariDataSource       : HikariPool-1 - Starting...
2025-11-14T18:00:26.583+01:00  INFO 76855 --- [myapp] [    Test worker] com.zaxxer.hikari.pool.HikariPool        : HikariPool-1 - Added connection conn0: url=jdbc:h2:mem:testdb user=SA
2025-11-14T18:00:26.584+01:00  INFO 76855 --- [myapp] [    Test worker] com.zaxxer.hikari.HikariDataSource       : HikariPool-1 - Start completed.
2025-11-14T18:00:26.607+01:00  INFO 76855 --- [myapp] [    Test worker] org.hibernate.orm.connections.pooling    : HHH10001005: Database info:
	Database JDBC URL [Connecting through datasource 'HikariDataSource (HikariPool-1)']
	Database driver: undefined/unknown
	Database version: 2.3.232
	Autocommit mode: undefined/unknown
	Isolation level: undefined/unknown
	Minimum pool size: undefined/unknown
	Maximum pool size: undefined/unknown
2025-11-14T18:00:26.944+01:00  INFO 76855 --- [myapp] [    Test worker] o.h.e.t.j.p.i.JtaPlatformInitiator       : HHH000489: No JTA platform available (set 'hibernate.transaction.jta.platform' to enable JTA platform integration)
Hibernate: create table exercises (id bigint generated by default as identity, gewicht float(53) not null, name varchar(255), saetze integer not null, wiederholungen integer not null, workout_id bigint not null, primary key (id))
Hibernate: create table training_plan_entity (id bigint generated by default as identity, dauer varchar(255), intensitaet varchar(255), name varchar(255), trainingsziel varchar(255), primary key (id))
Hibernate: create table workouts (id bigint generated by default as identity, day_of_week varchar(255), muskelgruppe varchar(255), name varchar(255), training_plan_id bigint, primary key (id))
Hibernate: alter table if exists exercises add constraint FK3dr0elb30wvc59xnqo67l38dd foreign key (workout_id) references workouts
Hibernate: alter table if exists workouts add constraint FKbsoey8lgkx7bo6fgpinr8pgdg foreign key (training_plan_id) references training_plan_entity
2025-11-14T18:00:26.969+01:00  INFO 76855 --- [myapp] [    Test worker] j.LocalContainerEntityManagerFactoryBean : Initialized JPA EntityManagerFactory for persistence unit 'default'
2025-11-14T18:00:27.137+01:00  WARN 76855 --- [myapp] [    Test worker] JpaBaseConfiguration$JpaWebConfiguration : spring.jpa.open-in-view is enabled by default. Therefore, database queries may be performed during view rendering. Explicitly configure spring.jpa.open-in-view to disable this warning
2025-11-14T18:00:27.256+01:00  INFO 76855 --- [myapp] [    Test worker] o.s.b.a.h2.H2ConsoleAutoConfiguration    : H2 console available at '/h2-console'. Database available at 'jdbc:h2:mem:testdb'
2025-11-14T18:00:27.285+01:00  INFO 76855 --- [myapp] [    Test worker] h.webtech.myapp.MyappApplicationTests    : Started MyappApplicationTests in 1.401 seconds (process running for 1.811)
]]></system-out>
  <system-err><![CDATA[Mockito is currently self-attaching to enable the inline-mock-maker. This will no longer work in future releases of the JDK. Please add Mockito as an agent to your build as described in Mockito's documentation: https://javadoc.io/doc/org.mockito/mockito-core/latest/org.mockito/org/mockito/Mockito.html#0.3
WARNING: A Java agent has been loaded dynamically (/Users/danielliss/.gradle/caches/modules-2/files-2.1/net.bytebuddy/byte-buddy-agent/1.17.7/fbf3d6d649ed37fc9e9c59480a05be0a26e3c2da/byte-buddy-agent-1.17.7.jar)
WARNING: If a serviceability tool is in use, please run with -XX:+EnableDynamicAgentLoading to hide this warning
WARNING: If a serviceability tool is not in use, please run with -Djdk.instrument.traceUsage for more information
WARNING: Dynamic loading of agents will be disallowed by default in a future release
]]></system-err>
</testsuite>
